[19:00:17 25/09/21] SUCCESS | Bot Connected
[20:47:37 25/09/21] EVENT | Component event detected: [watchlist_add,msg:891323753986945035,channel:865989456511107113]
[20:47:47 25/09/21] EVENT | Component event detected: [watchlist_remove,msg:891323753986945035,channel:865989456511107113]
[20:48:10 25/09/21] EVENT | Component event detected: [watchlist_list,msg:891323753986945035,channel:865989456511107113]
[20:51:31 25/09/21] EVENT | Component event detected: [watchlist_add,msg:891323753986945035,channel:865989456511107113]
[20:55:01 25/09/21] EVENT | Component event detected: [watchlist_add,msg:891323753986945035,channel:865989456511107113]
[20:55:54 25/09/21] EVENT | Component event detected: [watchlist_add,msg:891323753986945035,channel:865989456511107113]
[21:00:14 25/09/21] EVENT | /convert weight command received
[21:02:51 25/09/21] EVENT | /convert currency command received
[21:02:51 25/09/21] SUCCESS | /convert currency handling finished
[21:13:29 25/09/21] EVENT | /imdb command detected in [865989456511107113:140496498939920384]
[21:17:27 25/09/21] EVENT | TicTacToe context action detected.
[21:17:28 25/09/21] SUCCESS | TicTacToe game posted.
[21:17:42 25/09/21] EVENT | Component event detected: [tictactoe_0,msg:891387947193090048,channel:140496498939920384]
[21:17:42 25/09/21] SUCCESS | Component action handled.
[21:17:47 25/09/21] EVENT | Component event detected: [tictactoe_8,msg:891387947193090048,channel:140496498939920384]
[21:17:47 25/09/21] SUCCESS | Component action handled.
[21:17:52 25/09/21] EVENT | Component event detected: [tictactoe_2,msg:891387947193090048,channel:140496498939920384]
[21:17:52 25/09/21] SUCCESS | Component action handled.
[21:17:54 25/09/21] EVENT | Component event detected: [tictactoe_1,msg:891387947193090048,channel:140496498939920384]
[21:17:55 25/09/21] SUCCESS | Component action handled.
[21:17:58 25/09/21] EVENT | Component event detected: [tictactoe_4,msg:891387947193090048,channel:140496498939920384]
[21:17:58 25/09/21] SUCCESS | Component action handled.
[21:18:00 25/09/21] EVENT | Component event detected: [tictactoe_6,msg:891387947193090048,channel:140496498939920384]
[21:18:00 25/09/21] SUCCESS | Component action handled.
[21:18:01 25/09/21] EVENT | Component event detected: [tictactoe_7,msg:891387947193090048,channel:140496498939920384]
[21:18:01 25/09/21] SUCCESS | Component action handled.
[21:18:04 25/09/21] EVENT | Component event detected: [tictactoe_3,msg:891387947193090048,channel:140496498939920384]
[21:18:05 25/09/21] SUCCESS | Component action handled.
[21:18:06 25/09/21] EVENT | Component event detected: [tictactoe_5,msg:891387947193090048,channel:140496498939920384]
[21:18:06 25/09/21] SUCCESS | Game ended. Discarding.
[21:18:08 25/09/21] EVENT | Component event detected: [tictactoe_restart,msg:891387947193090048,channel:140496498939920384]
[21:18:09 25/09/21] SUCCESS | Component action handled.
[21:18:11 25/09/21] EVENT | Component event detected: [tictactoe_4,msg:891387947193090048,channel:140496498939920384]
[21:18:12 25/09/21] SUCCESS | Component action handled.
[21:18:14 25/09/21] EVENT | Component event detected: [tictactoe_8,msg:891387947193090048,channel:140496498939920384]
[21:18:15 25/09/21] SUCCESS | Component action handled.
[21:18:17 25/09/21] EVENT | Component event detected: [tictactoe_2,msg:891387947193090048,channel:140496498939920384]
[21:18:17 25/09/21] SUCCESS | Component action handled.
[21:18:19 25/09/21] EVENT | Component event detected: [tictactoe_6,msg:891387947193090048,channel:140496498939920384]
[21:18:20 25/09/21] SUCCESS | Component action handled.
[21:18:25 25/09/21] EVENT | Component event detected: [tictactoe_7,msg:891387947193090048,channel:140496498939920384]
[21:18:25 25/09/21] SUCCESS | Component action handled.
[21:18:27 25/09/21] EVENT | Component event detected: [tictactoe_1,msg:891387947193090048,channel:140496498939920384]
[21:18:27 25/09/21] SUCCESS | Component action handled.
[21:18:31 25/09/21] EVENT | Component event detected: [tictactoe_0,msg:891387947193090048,channel:140496498939920384]
[21:18:31 25/09/21] SUCCESS | Component action handled.
[21:18:34 25/09/21] EVENT | Component event detected: [tictactoe_5,msg:891387947193090048,channel:140496498939920384]
[21:18:35 25/09/21] SUCCESS | Component action handled.
[21:18:38 25/09/21] EVENT | Component event detected: [tictactoe_3,msg:891387947193090048,channel:140496498939920384]
[21:18:39 25/09/21] SUCCESS | Game ended. Discarding.
[21:20:09 25/09/21] EVENT | Component event detected: [tictactoe_restart,msg:891387947193090048,channel:140496498939920384]
[21:20:10 25/09/21] SUCCESS | Component action handled.
[21:20:18 25/09/21] EVENT | Component event detected: [tictactoe_0,msg:891387947193090048,channel:140496498939920384]
[21:20:18 25/09/21] SUCCESS | Component action handled.
[21:20:23 25/09/21] EVENT | Component event detected: [tictactoe_2,msg:891387947193090048,channel:140496498939920384]
[21:20:24 25/09/21] SUCCESS | Component action handled.
[21:20:27 25/09/21] EVENT | Component event detected: [tictactoe_8,msg:891387947193090048,channel:140496498939920384]
[21:20:28 25/09/21] SUCCESS | Component action handled.
[21:20:29 25/09/21] EVENT | Component event detected: [tictactoe_4,msg:891387947193090048,channel:140496498939920384]
[21:20:29 25/09/21] SUCCESS | Component action handled.
[21:20:32 25/09/21] EVENT | Component event detected: [tictactoe_restart,msg:891387947193090048,channel:140496498939920384]
[21:20:33 25/09/21] EVENT | Component event detected: [tictactoe_6,msg:891387947193090048,channel:140496498939920384]
[21:20:33 25/09/21] SUCCESS | Component action handled.
[21:20:35 25/09/21] EVENT | Component event detected: [tictactoe_3,msg:891387947193090048,channel:140496498939920384]
[21:20:35 25/09/21] SUCCESS | Component action handled.
[21:20:35 25/09/21] EVENT | Component event detected: [tictactoe_stop,msg:891387947193090048,channel:140496498939920384]
[21:20:35 25/09/21] WARNING | Non player attempted move. Ignoring
[21:20:36 25/09/21] EVENT | Component event detected: [tictactoe_7,msg:891387947193090048,channel:140496498939920384]
[21:20:36 25/09/21] SUCCESS | Game ended. Discarding.
[21:20:39 25/09/21] EVENT | Component event detected: [tictactoe_restart,msg:891387947193090048,channel:140496498939920384]
[21:20:40 25/09/21] SUCCESS | Component action handled.
[21:20:42 25/09/21] EVENT | Component event detected: [tictactoe_0,msg:891387947193090048,channel:140496498939920384]
[21:20:42 25/09/21] WARNING | Player tried to play on opponent's turn. Ignoring
[21:20:45 25/09/21] EVENT | Component event detected: [tictactoe_8,msg:891387947193090048,channel:140496498939920384]
[21:20:46 25/09/21] SUCCESS | Component action handled.
[21:20:54 25/09/21] EVENT | Component event detected: [tictactoe_6,msg:891387947193090048,channel:140496498939920384]
[21:20:55 25/09/21] SUCCESS | Component action handled.
[21:20:58 25/09/21] EVENT | Component event detected: [tictactoe_0,msg:891387947193090048,channel:140496498939920384]
[21:20:59 25/09/21] SUCCESS | Component action handled.
[21:21:01 25/09/21] EVENT | Component event detected: [tictactoe_4,msg:891387947193090048,channel:140496498939920384]
[21:21:02 25/09/21] SUCCESS | Component action handled.
[21:21:03 25/09/21] EVENT | Component event detected: [tictactoe_2,msg:891387947193090048,channel:140496498939920384]
[21:21:04 25/09/21] SUCCESS | Component action handled.
[21:21:24 25/09/21] EVENT | Component event detected: [tictactoe_5,msg:891387947193090048,channel:140496498939920384]
[21:21:24 25/09/21] SUCCESS | Component action handled.
[21:21:26 25/09/21] EVENT | Component event detected: [tictactoe_1,msg:891387947193090048,channel:140496498939920384]
[21:21:26 25/09/21] WARNING | Player tried to play on opponent's turn. Ignoring
[21:21:27 25/09/21] EVENT | Component event detected: [tictactoe_1,msg:891387947193090048,channel:140496498939920384]
[21:21:27 25/09/21] SUCCESS | Game ended. Discarding.
[21:31:46 25/09/21] EVENT | Component event detected: [tictactoe_restart,msg:891387947193090048,channel:140496498939920384]
[21:31:47 25/09/21] SUCCESS | Component action handled.
[21:47:34 25/09/21] EVENT | Component event detected: [tictactoe_0,msg:891387947193090048,channel:140496498939920384]
[21:47:35 25/09/21] SUCCESS | Component action handled.
[23:24:41 25/09/21] EVENT | Component event detected: [tictactoe_restart,msg:891387947193090048,channel:140496498939920384]
[23:32:51 25/09/21] EVENT | Component event detected: [tictactoe_4,msg:891387947193090048,channel:140496498939920384]
[23:32:51 25/09/21] WARNING | Non player attempted move. Ignoring
[02:14:29 26/09/21] EVENT | Component event detected: [tictactoe_1,msg:891387947193090048,channel:140496498939920384]
[02:14:29 26/09/21] WARNING | Non player attempted move. Ignoring
[02:14:39 26/09/21] EVENT | Component event detected: [tictactoe_restart,msg:891387947193090048,channel:140496498939920384]
